time="2025-07-07T00:21:31-06:00" level=warning msg="/home/ictorarcia/flawless-photos/docker-compose.yml: the attribute `version` is obsolete, it will be ignored, please remove it to avoid potential confusion"
#1 [internal] load local bake definitions
#1 reading from stdin 661B done
#1 DONE 0.0s

#2 [web internal] load build definition from Dockerfile
#2 transferring dockerfile:
#2 transferring dockerfile: 154B done
#2 DONE 0.0s

#3 [api internal] load build definition from Dockerfile
#3 transferring dockerfile: 332B done
#3 DONE 0.0s

#4 [api internal] load metadata for docker.io/library/node:18-alpine
#4 DONE 0.5s

#5 [web internal] load .dockerignore
#5 transferring context: 2B done
#5 DONE 0.0s

#6 [api internal] load .dockerignore
#6 transferring context: 2B done
#6 DONE 0.0s

#7 [web internal] load build context
#7 transferring context: 165B done
#7 DONE 0.0s

#8 [web 1/5] FROM docker.io/library/node:18-alpine@sha256:8d6421d663b4c28fd3ebc498332f249011d118945588d0a35cb9bc4b8ca09d9e
#8 resolve docker.io/library/node:18-alpine@sha256:8d6421d663b4c28fd3ebc498332f249011d118945588d0a35cb9bc4b8ca09d9e 0.0s done
#8 DONE 0.0s

#9 [api 2/5] WORKDIR /app
#9 CACHED

#10 [web 3/5] COPY package*.json ./
#10 CACHED

#11 [api internal] load build context
#11 transferring context: 567B done
#11 DONE 0.0s

#12 [web 4/5] RUN npm ci
#12 0.711 npm error code EUSAGE
#12 0.711 npm error
#12 0.711 npm error The `npm ci` command can only install with an existing package-lock.json or
#12 0.711 npm error npm-shrinkwrap.json with lockfileVersion >= 1. Run an install with npm@5 or
#12 0.711 npm error later to generate a package-lock.json file, then try again.
#12 0.711 npm error
#12 0.711 npm error Clean install a project
#12 0.711 npm error
#12 0.711 npm error Usage:
#12 0.711 npm error npm ci
#12 0.711 npm error
#12 0.711 npm error Options:
#12 0.711 npm error [--install-strategy <hoisted|nested|shallow|linked>] [--legacy-bundling]
#12 0.711 npm error [--global-style] [--omit <dev|optional|peer> [--omit <dev|optional|peer> ...]]
#12 0.711 npm error [--include <prod|dev|optional|peer> [--include <prod|dev|optional|peer> ...]]
#12 0.711 npm error [--strict-peer-deps] [--foreground-scripts] [--ignore-scripts] [--no-audit]
#12 0.711 npm error [--no-bin-links] [--no-fund] [--dry-run]
#12 0.711 npm error [-w|--workspace <workspace-name> [-w|--workspace <workspace-name> ...]]
#12 0.711 npm error [-ws|--workspaces] [--include-workspace-root] [--install-links]
#12 0.711 npm error
#12 0.711 npm error aliases: clean-install, ic, install-clean, isntall-clean
#12 0.711 npm error
#12 0.711 npm error Run "npm help ci" for more info
#12 0.714 npm error A complete log of this run can be found in: /root/.npm/_logs/2025-07-07T06_21_33_075Z-debug-0.log
#12 ERROR: process "/bin/sh -c npm ci" did not complete successfully: exit code: 1

#13 [api 3/7] RUN apk add --no-cache     python3     make     g++     vips-dev
#13 0.217 fetch https://dl-cdn.alpinelinux.org/alpine/v3.21/main/x86_64/APKINDEX.tar.gz
#13 CANCELED
------
 > [web 4/5] RUN npm ci:
0.711 npm error [--include <prod|dev|optional|peer> [--include <prod|dev|optional|peer> ...]]
0.711 npm error [--strict-peer-deps] [--foreground-scripts] [--ignore-scripts] [--no-audit]
0.711 npm error [--no-bin-links] [--no-fund] [--dry-run]
0.711 npm error [-w|--workspace <workspace-name> [-w|--workspace <workspace-name> ...]]
0.711 npm error [-ws|--workspaces] [--include-workspace-root] [--install-links]
0.711 npm error
0.711 npm error aliases: clean-install, ic, install-clean, isntall-clean
0.711 npm error
0.711 npm error Run "npm help ci" for more info
0.714 npm error A complete log of this run can be found in: /root/.npm/_logs/2025-07-07T06_21_33_075Z-debug-0.log
------
Dockerfile:6
--------------------
   4 |     
   5 |     COPY package*.json ./
   6 | >>> RUN npm ci
   7 |     
   8 |     COPY . .
--------------------
target web: failed to solve: process "/bin/sh -c npm ci" did not complete successfully: exit code: 1
