
> fsw-iron-task-web@0.1.0 dev
> next dev

 ⚠ Warning: Found multiple lockfiles. Selecting /home/ictorarcia/package-lock.json.
   Consider removing the lockfiles at:
   * /home/ictorarcia/iron-task-726/web/package-lock.json
   * /home/ictorarcia/iron-task-726/package-lock.json

 ⚠ Port 3000 is in use by an unknown process, using available port 3002 instead.
   ▲ Next.js 15.4.5
   - Local:        http://localhost:3002
   - Network:      http://10.255.255.254:3002
   - Environments: .env.local

 ✓ Starting...
 ⚠ Invalid next.config.js options detected: 
 ⚠     Unrecognized key(s) in object: 'swcMinify'
 ⚠ See more info here: https://nextjs.org/docs/messages/invalid-next-config
 ✓ Ready in 1248ms
 ○ Compiling / ...
 ✓ Compiled / in 3.9s (922 modules)
 HEAD / 200 in 4205ms
 ✓ Compiled in 510ms (354 modules)
 ⚠ Found a change in next.config.js. Restarting the server to apply the changes...
   ▲ Next.js 15.4.5
   - Local:        http://localhost:3002
   - Network:      http://10.255.255.254:3002
   - Environments: .env.local

 ✓ Starting...
 ✓ Ready in 1199ms
 ○ Compiling / ...
 ✓ Compiled / in 1703ms (904 modules)
 GET / 200 in 2155ms
 ✓ Compiled in 154ms (354 modules)
 ✓ Compiled /register in 451ms (919 modules)
 GET /register 200 in 655ms
 ✓ Compiled /login in 376ms (938 modules)
 GET /login 200 in 574ms
 ⚠ Cross origin request detected from 172.18.129.73 to /_next/* resource. In a future major version of Next.js, you will need to explicitly configure "allowedDevOrigins" in next.config to allow this.
Read more: https://nextjs.org/docs/app/api-reference/config/next-config-js/allowedDevOrigins

Could not open page.tsx in the editor.
The editor process exited with an error: Terminal editors can only be used on macOS.

To set up the editor integration, add something like REACT_EDITOR=atom to the .env.local file in your project folder and restart the development server.

 ✓ Compiled in 230ms (375 modules)
 GET /login 200 in 49ms
 ✓ Compiled in 405ms (933 modules)
 GET /login 200 in 83ms
 ⨯ ./app/login/page.tsx
Error:   [31mx[0m Expected '</', got 'jsx text (
  [31m|[0m
  [31m|[0m           )'
     ,-[[36;1;4m/home/ictorarcia/iron-task-726/web/app/login/page.tsx[0m:444:1]
 [2m441[0m |                   </div>
 [2m442[0m |                 </div>
 [2m443[0m |     
 [2m444[0m | [35;1m,[0m[35;1m-[0m[35;1m>[0m           </div>
 [2m445[0m | [35;1m|[0m   
 [2m446[0m | [35;1m`[0m[35;1m-[0m[35;1m>[0m           <p className="text-center text-xs text-gray-500">
 [2m447[0m |                 © 2024 Iron Task • Denver, CO
 [2m448[0m |               </p>
 [2m449[0m |             </div>
     `----

Caused by:
    Syntax Error

Import trace for requested module:
./app/login/page.tsx
<w> [webpack.cache.PackFileCacheStrategy] Restoring pack failed from /home/ictorarcia/iron-task-726/web/.next/cache/webpack/client-development-fallback.pack.gz: Error: invalid block type
 ○ Compiling /_error ...
 ⨯ ./app/login/page.tsx
Error:   [31mx[0m Expected '</', got 'jsx text (
  [31m|[0m
  [31m|[0m           )'
     ,-[[36;1;4m/home/ictorarcia/iron-task-726/web/app/login/page.tsx[0m:444:1]
 [2m441[0m |                   </div>
 [2m442[0m |                 </div>
 [2m443[0m |     
 [2m444[0m | [35;1m,[0m[35;1m-[0m[35;1m>[0m           </div>
 [2m445[0m | [35;1m|[0m   
 [2m446[0m | [35;1m`[0m[35;1m-[0m[35;1m>[0m           <p className="text-center text-xs text-gray-500">
 [2m447[0m |                 © 2024 Iron Task • Denver, CO
 [2m448[0m |               </p>
 [2m449[0m |             </div>
     `----

Caused by:
    Syntax Error

Import trace for requested module:
./app/login/page.tsx
 GET /login 500 in 2713ms
 GET /login 500 in 27ms
 GET /login 500 in 28ms
 GET /login 500 in 11ms
 ✓ Compiled /_not-found in 1076ms (1254 modules)
 GET /_next/static/webpack/d43bbde4feffb826.webpack.hot-update.json 404 in 1243ms
 ⚠ Fast Refresh had to perform a full reload due to a runtime error.
 GET /login 200 in 68ms
 GET /login 200 in 33ms
 HEAD /login 200 in 46ms
 ⚠ Found a change in next.config.js. Restarting the server to apply the changes...
   ▲ Next.js 15.4.5
   - Local:        http://localhost:3002
   - Network:      http://10.255.255.254:3002
   - Environments: .env.local

 ✓ Starting...
 ✓ Ready in 1276ms
 ○ Compiling /register ...
 ✓ Compiled /register in 2.1s (918 modules)
 GET /register 200 in 2487ms
 ✓ Compiled in 531ms (361 modules)
 ○ Compiling /login ...
 ✓ Compiled /login in 936ms (927 modules)
 GET /login 200 in 1162ms
 ✓ Compiled / in 281ms (940 modules)
 GET / 200 in 467ms
 GET /register 200 in 53ms
 GET /login 200 in 46ms
 ⚠ Blocked cross-origin request from 172.18.129.73 to /_next/* resource. To allow this, configure "allowedDevOrigins" in next.config
Read more: https://nextjs.org/docs/app/api-reference/config/next-config-js/allowedDevOrigins
 GET /register 200 in 23ms
 GET /register 200 in 62ms
 ✓ Compiled in 173ms (362 modules)
 ✓ Compiled in 83ms (362 modules)
 ✓ Compiled in 467ms (376 modules)
 ✓ Compiled /register in 205ms (557 modules)
 GET /register 200 in 417ms
 GET /register 200 in 55ms
 ✓ Compiled /login in 208ms (559 modules)
 GET /login 200 in 314ms
 ✓ Compiled /forgot-password in 360ms (932 modules)
 GET /forgot-password 200 in 420ms
 GET /login 200 in 17ms
 GET /login 200 in 159ms
 ✓ Compiled /register in 216ms (557 modules)
 GET /register 200 in 442ms
 ✓ Compiled /login in 107ms (570 modules)
 GET /login 200 in 299ms
 GET /login 200 in 44ms
 GET /register 200 in 88ms
 GET /login 200 in 16ms
 GET /login 200 in 51ms
 ✓ Compiled in 198ms (366 modules)
 ✓ Compiled in 91ms (366 modules)
 ✓ Compiled /login in 287ms (559 modules)
 GET /login 200 in 461ms
 GET /login 200 in 46ms
 ✓ Compiled /register in 155ms (557 modules)
 GET /register 200 in 270ms
 ✓ Compiled /login in 110ms (570 modules)
 GET /login 200 in 200ms
 ○ Compiling /dashboard ...
 ✓ Compiled /dashboard in 1209ms (1135 modules)
 GET /dashboard 200 in 1274ms
 GET /dashboard 200 in 14ms
 ○ Compiling /dashboard/chat ...
 ✓ Compiled /dashboard/chat in 581ms (1186 modules)
 GET /dashboard/chat 200 in 634ms
 GET /dashboard 200 in 29ms
 ✓ Compiled /dashboard/projects in 330ms (1206 modules)
 GET /dashboard/projects 200 in 379ms
 GET /dashboard 200 in 20ms
 GET /dashboard/projects 200 in 25ms
 ✓ Compiled /dashboard/projects/new in 387ms (1165 modules)
 GET /dashboard/projects/new 200 in 497ms
 GET /dashboard/projects/new 200 in 14ms
 ✓ Compiled /dashboard/capture in 292ms (1183 modules)
 GET /dashboard/capture 200 in 356ms
 GET /dashboard/capture 200 in 15ms
 ○ Compiling /dashboard/media ...
 ✓ Compiled /dashboard/media in 1949ms (1518 modules)
 GET /dashboard/media 200 in 2036ms
 GET /dashboard/media 200 in 15ms
 ✓ Compiled /dashboard/chat in 265ms (881 modules)
 GET /dashboard/chat 200 in 340ms
 ○ Compiling /dashboard/communication-demo ...
 ✓ Compiled /dashboard/communication-demo in 518ms (1524 modules)
 GET /dashboard/communication-demo 200 in 605ms
 GET /dashboard/chat 200 in 24ms
 GET /dashboard/communication-demo 200 in 17ms
 GET /dashboard/chat 200 in 16ms
 ✓ Compiled /dashboard/projects in 370ms (714 modules)
 GET /dashboard/projects 200 in 430ms
 ✓ Compiled in 583ms (1390 modules)
 ✓ Compiled in 390ms (1390 modules)
 ✓ Compiled in 570ms (1376 modules)
 ✓ Compiled in 522ms (1385 modules)
 ✓ Compiled in 291ms (676 modules)
 ✓ Compiled in 237ms (676 modules)
 GET /dashboard/projects 200 in 69ms
 ○ Compiling /dashboard/capture ...
 ✓ Compiled /dashboard/capture in 603ms (678 modules)
 GET /dashboard/capture 200 in 679ms
 ✓ Compiled /dashboard in 162ms (686 modules)
 GET /dashboard 200 in 207ms
 ✓ Compiled in 719ms (1370 modules)
 GET /dashboard/projects 200 in 71ms
 ✓ Compiled /dashboard/chat in 239ms (709 modules)
 GET /dashboard/chat 200 in 351ms
 GET /dashboard/chat 200 in 164ms
 ✓ Compiled /dashboard/communication-demo in 385ms (702 modules)
 GET /dashboard/communication-demo 200 in 432ms
 GET /dashboard/chat 200 in 20ms
 ○ Compiling /dashboard/upload ...
 ✓ Compiled /dashboard/upload in 801ms (1381 modules)
 GET /dashboard/upload 200 in 878ms
 GET /dashboard/upload 200 in 12ms
 ✓ Compiled /dashboard/team in 438ms (1398 modules)
 GET /dashboard/team 200 in 485ms
 ✓ Compiled /dashboard/labels in 423ms (1495 modules)
 GET /dashboard/labels 200 in 476ms
 GET /dashboard/labels 200 in 13ms
 GET /dashboard/communication-demo 200 in 25ms
 ○ Compiling /dashboard/video-demo ...
 ✓ Compiled /dashboard/video-demo in 1187ms (1529 modules)
 GET /dashboard/video-demo 200 in 1266ms
 GET /dashboard/video-demo 200 in 14ms
 ✓ Compiled /dashboard/style-demo in 318ms (1536 modules)
 GET /dashboard/style-demo 200 in 365ms
 ✓ Compiled /dashboard/media in 431ms (843 modules)
 GET /dashboard/media 200 in 497ms
 ✓ Compiled /dashboard/labels in 279ms (745 modules)
 GET /dashboard/labels 200 in 365ms
 GET /dashboard/labels 200 in 16ms
 ✓ Compiled /dashboard/video-demo in 229ms (837 modules)
 GET /dashboard/video-demo 200 in 296ms
 ✓ Compiled /dashboard/style-demo in 162ms (842 modules)
 GET /dashboard/style-demo 200 in 215ms
 ○ Compiling /dashboard/communication-demo ...
 ✓ Compiled /dashboard/communication-demo in 653ms (872 modules)
 GET /dashboard/communication-demo 200 in 743ms
 GET /dashboard/communication-demo 200 in 13ms
 ○ Compiling /dashboard/annotator-demo ...
 ✓ Compiled /dashboard/annotator-demo in 813ms (1573 modules)
 GET /dashboard/annotator-demo 200 in 866ms
 GET /dashboard/annotator-demo 200 in 13ms
 ✓ Compiled /dashboard/media in 399ms (880 modules)
 GET /dashboard/media 200 in 458ms
 ✓ Compiled in 907ms (1534 modules)
 ✓ Compiled in 454ms (1534 modules)
 ✓ Compiled in 349ms (708 modules)
 ✓ Compiled in 314ms (708 modules)
 ✓ Compiled in 340ms (708 modules)
 ✓ Compiled /dashboard/media in 321ms (826 modules)
 GET /dashboard/media 200 in 576ms
 ✓ Compiled /login in 483ms (840 modules)
 GET /login 200 in 619ms
 ✓ Compiled in 724ms (1553 modules)
 ✓ Compiled in 434ms (1553 modules)
 ✓ Compiled in 612ms (1553 modules)
 ✓ Compiled in 447ms (708 modules)
 ✓ Compiled in 297ms (708 modules)
 ✓ Compiled in 301ms (688 modules)
 ✓ Compiled in 199ms (699 modules)
 ✓ Compiled in 91ms (685 modules)
 ✓ Compiled in 354ms (683 modules)
 ✓ Compiled in 653ms (697 modules)
 ✓ Compiled in 244ms (697 modules)
 ○ Compiling / ...
 ✓ Compiled / in 718ms (550 modules)
 GET / 200 in 979ms
 ✓ Compiled /register in 196ms (566 modules)
 GET /register 200 in 296ms
 ✓ Compiled /login in 244ms (578 modules)
 GET /login 200 in 337ms
 ○ Compiling /dashboard ...
 ✓ Compiled /dashboard in 510ms (685 modules)
 GET /dashboard 200 in 626ms
 ○ Compiling /dashboard/media ...
 ✓ Compiled /dashboard/media in 565ms (860 modules)
 GET /dashboard/media 200 in 650ms
 ✓ Compiled /dashboard/chat in 222ms (889 modules)
 GET /dashboard/chat 200 in 279ms
 ✓ Compiled /dashboard/upload in 285ms (895 modules)
 GET /dashboard/upload 200 in 332ms
 ✓ Compiled /dashboard/annotator-demo in 201ms (902 modules)
 GET /dashboard/annotator-demo 200 in 248ms
 ○ Compiling /dashboard/projects ...
 ✓ Compiled /dashboard/projects in 553ms (897 modules)
 GET /dashboard/projects 200 in 668ms
 GET /dashboard/projects 200 in 12ms
 ✓ Compiled /dashboard/projects/new in 355ms (892 modules)
 GET /dashboard/projects/new 200 in 422ms
 ✓ Compiled /dashboard/communication-demo in 409ms (748 modules)
 GET /dashboard/communication-demo 200 in 498ms
 ✓ Compiled in 510ms (697 modules)
 GET /dashboard/communication-demo 200 in 40ms
 GET /dashboard/annotator-demo 200 in 29ms
 ✓ Compiled in 358ms (697 modules)
 GET /dashboard/annotator-demo 200 in 49ms
 ✓ Compiled in 235ms (697 modules)
 GET /dashboard/annotator-demo 200 in 28ms
 ✓ Compiled in 278ms (697 modules)
 GET /dashboard/annotator-demo 200 in 35ms
 ✓ Compiled in 365ms (697 modules)
 GET /dashboard/annotator-demo 200 in 40ms
 ✓ Compiled in 304ms (697 modules)
 GET /dashboard/annotator-demo 200 in 25ms
 ✓ Compiled in 404ms (697 modules)
 GET /dashboard/annotator-demo 200 in 28ms
 ✓ Compiled in 429ms (697 modules)
 GET /dashboard/annotator-demo 200 in 64ms
 ✓ Compiled in 494ms (697 modules)
 GET /dashboard/annotator-demo 200 in 25ms
 ○ Compiling /_not-found ...
 ✓ Compiled /_not-found in 1208ms (1408 modules)
 GET /dashboard/annotator-demo 404 in 1130ms
 GET /dashboard/annotator-demo 404 in 10ms
 GET /dashboard/annotator-demo 404 in 104ms
 ✓ Compiled in 608ms (1422 modules)
 GET /dashboard/annotator-demo 404 in 61ms
 GET /dashboard/annotator-demo 404 in 85ms
 ✓ Compiled /dashboard/communication-demo in 431ms (730 modules)
 GET /dashboard/communication-demo 200 in 516ms
 GET /dashboard/projects 200 in 23ms

Could not open AuthContext.tsx in the editor.
The editor process exited with an error: Terminal editors can only be used on macOS.

To set up the editor integration, add something like REACT_EDITOR=atom to the .env.local file in your project folder and restart the development server.

 ✓ Compiled in 1005ms (1402 modules)
 ✓ Compiled in 358ms (1402 modules)
 ○ Compiling /dashboard/settings ...
 ✓ Compiled /dashboard/settings in 740ms (1420 modules)
 GET /dashboard/settings 200 in 862ms
 ✓ Compiled /dashboard in 495ms (749 modules)
 GET /dashboard 200 in 619ms
 ✓ Compiled /_not-found in 397ms (1430 modules)
 GET /dashboard/photos 404 in 438ms
 GET /dashboard/photos 404 in 87ms
 GET /dashboard 200 in 86ms
 GET /dashboard/projects 200 in 28ms
 GET /dashboard/photos 404 in 10ms
 GET /dashboard/photos 404 in 25ms
 GET /dashboard 200 in 30ms
 ✓ Compiled /dashboard/team in 214ms (750 modules)
 GET /dashboard/team 200 in 264ms
 ✓ Compiled in 396ms (702 modules)
 GET /dashboard 200 in 39ms
 GET /dashboard/projects 200 in 30ms
 ✓ Compiled in 243ms (702 modules)
 GET /dashboard/projects 200 in 24ms
 GET /dashboard/projects/new 200 in 34ms
 GET /dashboard/projects/new 200 in 19ms
 GET /dashboard/projects/new 200 in 214ms
 ✓ Compiled in 916ms (1422 modules)
 GET /dashboard/projects/new 200 in 76ms
 ✓ Compiled in 745ms (1436 modules)
 GET /dashboard/projects/new 200 in 118ms
 ○ Compiling /dashboard/forms-demo ...
 ✓ Compiled /dashboard/forms-demo in 947ms (1455 modules)
 GET /dashboard/forms-demo 200 in 999ms
 GET /dashboard/projects 200 in 23ms
 GET /dashboard/forms-demo 200 in 17ms
 ✓ Compiled in 624ms (1450 modules)
 ✓ Compiled in 964ms (1450 modules)
 ✓ Compiled in 355ms (1450 modules)
 ✓ Compiled in 707ms (1464 modules)
 GET /dashboard/forms-demo 200 in 86ms
 ✓ Compiled in 348ms (709 modules)
 GET /dashboard/forms-demo 200 in 43ms
 GET /dashboard 200 in 40ms
 ✓ Compiled in 424ms (709 modules)
 GET /dashboard 200 in 50ms
 GET /dashboard/forms-demo 200 in 29ms
 GET /dashboard/forms-demo 200 in 20ms
 ○ Compiling /dashboard/settings ...
 ✓ Compiled /dashboard/settings in 659ms (764 modules)
 GET /dashboard/settings 200 in 741ms
 GET /dashboard/forms-demo 200 in 30ms
 ✓ Compiled in 361ms (709 modules)
 GET /dashboard/forms-demo 200 in 43ms
 ✓ Compiled in 428ms (709 modules)
 GET /dashboard/forms-demo 200 in 47ms
 ✓ Compiled in 378ms (709 modules)
 GET /dashboard/forms-demo 200 in 48ms
