
> iron-task-api@1.0.0 dev
> nodemon src/index.js

[33m[nodemon] 3.1.10[39m
[33m[nodemon] to restart at any time, enter `rs`[39m
[33m[nodemon] watching path(s): *.*[39m
[33m[nodemon] watching extensions: js,mjs,cjs,json[39m
[32m[nodemon] starting `node src/index.js`[39m
7:07:16 PM WARN  Push notifications not configured - missing VAPID keys
  {
  "environment": "development",
  "service": "fsw-api",
  "version": "1.0.0"
}
7:07:16 PM INFO  Database connected
  {
  "environment": "development",
  "service": "fsw-api",
  "version": "1.0.0"
}
Using Supabase Storage for media uploads
7:07:16 PM ERROR  Failed to start server
  {
  "error": "listen EADDRINUSE: address already in use 0.0.0.0:3001",
  "stack": "Error: listen EADDRINUSE: address already in use 0.0.0.0:3001\n    at Server.setupListenHandle [as _listen2] (node:net:1940:16)\n    at listenInCluster (node:net:1997:12)\n    at node:net:2206:7\n    at process.processTicksAndRejections (node:internal/process/task_queues:90:21)",
  "environment": "development",
  "service": "fsw-api",
  "version": "1.0.0"
}
[31m[nodemon] app crashed - waiting for file changes before starting...[39m
[32m[nodemon] restarting due to changes...[39m
[32m[nodemon] starting `node src/index.js`[39m
9:23:56 PM WARN  Push notifications not configured - missing VAPID keys
  {
  "environment": "development",
  "service": "fsw-api",
  "version": "1.0.0"
}
9:23:56 PM INFO  Database connected
  {
  "environment": "development",
  "service": "fsw-api",
  "version": "1.0.0"
}
Using Supabase Storage for media uploads
9:23:57 PM ERROR  Failed to start server
  {
  "error": "listen EADDRINUSE: address already in use 0.0.0.0:3001",
  "stack": "Error: listen EADDRINUSE: address already in use 0.0.0.0:3001\n    at Server.setupListenHandle [as _listen2] (node:net:1940:16)\n    at listenInCluster (node:net:1997:12)\n    at node:net:2206:7\n    at process.processTicksAndRejections (node:internal/process/task_queues:90:21)",
  "environment": "development",
  "service": "fsw-api",
  "version": "1.0.0"
}
[31m[nodemon] app crashed - waiting for file changes before starting...[39m
[32m[nodemon] restarting due to changes...[39m
[32m[nodemon] starting `node src/index.js`[39m
9:24:27 PM WARN  Push notifications not configured - missing VAPID keys
  {
  "environment": "development",
  "service": "fsw-api",
  "version": "1.0.0"
}
9:24:27 PM INFO  Database connected
  {
  "environment": "development",
  "service": "fsw-api",
  "version": "1.0.0"
}
Using Supabase Storage for media uploads
{"level":30,"time":1755919467398,"pid":48428,"hostname":"Mac","msg":"Server listening at http://127.0.0.1:3001"}
9:24:27 PM INFO  Server started
  {
  "host": "0.0.0.0",
  "port": 3001,
  "environment": "development",
  "nodeVersion": "v22.18.0",
  "pid": 48428,
  "service": "fsw-api",
  "version": "1.0.0"
}
{"level":30,"time":1755919467398,"pid":48428,"hostname":"Mac","msg":"Server listening at http://10.1.10.129:3001"}
[32m[nodemon] restarting due to changes...[39m
[32m[nodemon] starting `node src/index.js`[39m
node:internal/modules/cjs/loader:1368
  throw err;
  ^

Error: Cannot find module 'speakeasy'
Require stack:
- /Users/vics/iron-task-726/api/src/services/twoFactorService.js
- /Users/vics/iron-task-726/api/src/routes/auth.js
- /Users/vics/iron-task-726/api/src/index.js
    at Function._resolveFilename (node:internal/modules/cjs/loader:1365:15)
    at defaultResolveImpl (node:internal/modules/cjs/loader:1021:19)
    at resolveForCJSWithHooks (node:internal/modules/cjs/loader:1026:22)
    at Function._load (node:internal/modules/cjs/loader:1175:37)
    at TracingChannel.traceSync (node:diagnostics_channel:322:14)
    at wrapModuleLoad (node:internal/modules/cjs/loader:235:24)
    at Module.require (node:internal/modules/cjs/loader:1445:12)
    at require (node:internal/modules/helpers:135:16)
    at Object.<anonymous> (/Users/vics/iron-task-726/api/src/services/twoFactorService.js:2:19)
    at Module._compile (node:internal/modules/cjs/loader:1688:14) {
  code: 'MODULE_NOT_FOUND',
  requireStack: [
    '/Users/vics/iron-task-726/api/src/services/twoFactorService.js',
    '/Users/vics/iron-task-726/api/src/routes/auth.js',
    '/Users/vics/iron-task-726/api/src/index.js'
  ]
}

Node.js v22.18.0
[31m[nodemon] app crashed - waiting for file changes before starting...[39m
[32m[nodemon] restarting due to changes...[39m
[32m[nodemon] starting `node src/index.js`[39m
node:internal/modules/cjs/loader:1368
  throw err;
  ^

Error: Cannot find module 'speakeasy'
Require stack:
- /Users/vics/iron-task-726/api/src/services/twoFactorService.js
- /Users/vics/iron-task-726/api/src/routes/auth.js
- /Users/vics/iron-task-726/api/src/index.js
    at Function._resolveFilename (node:internal/modules/cjs/loader:1365:15)
    at defaultResolveImpl (node:internal/modules/cjs/loader:1021:19)
    at resolveForCJSWithHooks (node:internal/modules/cjs/loader:1026:22)
    at Function._load (node:internal/modules/cjs/loader:1175:37)
    at TracingChannel.traceSync (node:diagnostics_channel:322:14)
    at wrapModuleLoad (node:internal/modules/cjs/loader:235:24)
    at Module.require (node:internal/modules/cjs/loader:1445:12)
    at require (node:internal/modules/helpers:135:16)
    at Object.<anonymous> (/Users/vics/iron-task-726/api/src/services/twoFactorService.js:2:19)
    at Module._compile (node:internal/modules/cjs/loader:1688:14) {
  code: 'MODULE_NOT_FOUND',
  requireStack: [
    '/Users/vics/iron-task-726/api/src/services/twoFactorService.js',
    '/Users/vics/iron-task-726/api/src/routes/auth.js',
    '/Users/vics/iron-task-726/api/src/index.js'
  ]
}

Node.js v22.18.0
[31m[nodemon] app crashed - waiting for file changes before starting...[39m
[32m[nodemon] restarting due to changes...[39m
[32m[nodemon] starting `node src/index.js`[39m
node:internal/modules/cjs/loader:1368
  throw err;
  ^

Error: Cannot find module 'speakeasy'
Require stack:
- /Users/vics/iron-task-726/api/src/services/twoFactorService.js
- /Users/vics/iron-task-726/api/src/routes/auth.js
- /Users/vics/iron-task-726/api/src/index.js
    at Function._resolveFilename (node:internal/modules/cjs/loader:1365:15)
    at defaultResolveImpl (node:internal/modules/cjs/loader:1021:19)
    at resolveForCJSWithHooks (node:internal/modules/cjs/loader:1026:22)
    at Function._load (node:internal/modules/cjs/loader:1175:37)
    at TracingChannel.traceSync (node:diagnostics_channel:322:14)
    at wrapModuleLoad (node:internal/modules/cjs/loader:235:24)
    at Module.require (node:internal/modules/cjs/loader:1445:12)
    at require (node:internal/modules/helpers:135:16)
    at Object.<anonymous> (/Users/vics/iron-task-726/api/src/services/twoFactorService.js:2:19)
    at Module._compile (node:internal/modules/cjs/loader:1688:14) {
  code: 'MODULE_NOT_FOUND',
  requireStack: [
    '/Users/vics/iron-task-726/api/src/services/twoFactorService.js',
    '/Users/vics/iron-task-726/api/src/routes/auth.js',
    '/Users/vics/iron-task-726/api/src/index.js'
  ]
}

Node.js v22.18.0
[31m[nodemon] app crashed - waiting for file changes before starting...[39m
[32m[nodemon] restarting due to changes...[39m
[32m[nodemon] starting `node src/index.js`[39m
node:internal/modules/cjs/loader:1368
  throw err;
  ^

Error: Cannot find module 'speakeasy'
Require stack:
- /Users/vics/iron-task-726/api/src/services/twoFactorService.js
- /Users/vics/iron-task-726/api/src/routes/auth.js
- /Users/vics/iron-task-726/api/src/index.js
    at Function._resolveFilename (node:internal/modules/cjs/loader:1365:15)
    at defaultResolveImpl (node:internal/modules/cjs/loader:1021:19)
    at resolveForCJSWithHooks (node:internal/modules/cjs/loader:1026:22)
    at Function._load (node:internal/modules/cjs/loader:1175:37)
    at TracingChannel.traceSync (node:diagnostics_channel:322:14)
    at wrapModuleLoad (node:internal/modules/cjs/loader:235:24)
    at Module.require (node:internal/modules/cjs/loader:1445:12)
    at require (node:internal/modules/helpers:135:16)
    at Object.<anonymous> (/Users/vics/iron-task-726/api/src/services/twoFactorService.js:2:19)
    at Module._compile (node:internal/modules/cjs/loader:1688:14) {
  code: 'MODULE_NOT_FOUND',
  requireStack: [
    '/Users/vics/iron-task-726/api/src/services/twoFactorService.js',
    '/Users/vics/iron-task-726/api/src/routes/auth.js',
    '/Users/vics/iron-task-726/api/src/index.js'
  ]
}

Node.js v22.18.0
[31m[nodemon] app crashed - waiting for file changes before starting...[39m
[32m[nodemon] restarting due to changes...[39m
[32m[nodemon] starting `node src/index.js`[39m
node:internal/modules/cjs/loader:1368
  throw err;
  ^

Error: Cannot find module 'speakeasy'
Require stack:
- /Users/vics/iron-task-726/api/src/services/twoFactorService.js
- /Users/vics/iron-task-726/api/src/routes/auth.js
- /Users/vics/iron-task-726/api/src/index.js
    at Function._resolveFilename (node:internal/modules/cjs/loader:1365:15)
    at defaultResolveImpl (node:internal/modules/cjs/loader:1021:19)
    at resolveForCJSWithHooks (node:internal/modules/cjs/loader:1026:22)
    at Function._load (node:internal/modules/cjs/loader:1175:37)
    at TracingChannel.traceSync (node:diagnostics_channel:322:14)
    at wrapModuleLoad (node:internal/modules/cjs/loader:235:24)
    at Module.require (node:internal/modules/cjs/loader:1445:12)
    at require (node:internal/modules/helpers:135:16)
    at Object.<anonymous> (/Users/vics/iron-task-726/api/src/services/twoFactorService.js:2:19)
    at Module._compile (node:internal/modules/cjs/loader:1688:14) {
  code: 'MODULE_NOT_FOUND',
  requireStack: [
    '/Users/vics/iron-task-726/api/src/services/twoFactorService.js',
    '/Users/vics/iron-task-726/api/src/routes/auth.js',
    '/Users/vics/iron-task-726/api/src/index.js'
  ]
}

Node.js v22.18.0
[31m[nodemon] app crashed - waiting for file changes before starting...[39m
[32m[nodemon] restarting due to changes...[39m
[32m[nodemon] starting `node src/index.js`[39m
node:internal/modules/cjs/loader:1368
  throw err;
  ^

Error: Cannot find module 'speakeasy'
Require stack:
- /Users/vics/iron-task-726/api/src/services/twoFactorService.js
- /Users/vics/iron-task-726/api/src/routes/auth.js
- /Users/vics/iron-task-726/api/src/index.js
    at Function._resolveFilename (node:internal/modules/cjs/loader:1365:15)
    at defaultResolveImpl (node:internal/modules/cjs/loader:1021:19)
    at resolveForCJSWithHooks (node:internal/modules/cjs/loader:1026:22)
    at Function._load (node:internal/modules/cjs/loader:1175:37)
    at TracingChannel.traceSync (node:diagnostics_channel:322:14)
    at wrapModuleLoad (node:internal/modules/cjs/loader:235:24)
    at Module.require (node:internal/modules/cjs/loader:1445:12)
    at require (node:internal/modules/helpers:135:16)
    at Object.<anonymous> (/Users/vics/iron-task-726/api/src/services/twoFactorService.js:2:19)
    at Module._compile (node:internal/modules/cjs/loader:1688:14) {
  code: 'MODULE_NOT_FOUND',
  requireStack: [
    '/Users/vics/iron-task-726/api/src/services/twoFactorService.js',
    '/Users/vics/iron-task-726/api/src/routes/auth.js',
    '/Users/vics/iron-task-726/api/src/index.js'
  ]
}

Node.js v22.18.0
[31m[nodemon] app crashed - waiting for file changes before starting...[39m
[32m[nodemon] restarting due to changes...[39m
[32m[nodemon] starting `node src/index.js`[39m
node:internal/modules/cjs/loader:1368
  throw err;
  ^

Error: Cannot find module 'speakeasy'
Require stack:
- /Users/vics/iron-task-726/api/src/services/twoFactorService.js
- /Users/vics/iron-task-726/api/src/routes/auth.js
- /Users/vics/iron-task-726/api/src/index.js
    at Function._resolveFilename (node:internal/modules/cjs/loader:1365:15)
    at defaultResolveImpl (node:internal/modules/cjs/loader:1021:19)
    at resolveForCJSWithHooks (node:internal/modules/cjs/loader:1026:22)
    at Function._load (node:internal/modules/cjs/loader:1175:37)
    at TracingChannel.traceSync (node:diagnostics_channel:322:14)
    at wrapModuleLoad (node:internal/modules/cjs/loader:235:24)
    at Module.require (node:internal/modules/cjs/loader:1445:12)
    at require (node:internal/modules/helpers:135:16)
    at Object.<anonymous> (/Users/vics/iron-task-726/api/src/services/twoFactorService.js:2:19)
    at Module._compile (node:internal/modules/cjs/loader:1688:14) {
  code: 'MODULE_NOT_FOUND',
  requireStack: [
    '/Users/vics/iron-task-726/api/src/services/twoFactorService.js',
    '/Users/vics/iron-task-726/api/src/routes/auth.js',
    '/Users/vics/iron-task-726/api/src/index.js'
  ]
}

Node.js v22.18.0
[31m[nodemon] app crashed - waiting for file changes before starting...[39m
[32m[nodemon] restarting due to changes...[39m
[32m[nodemon] starting `node src/index.js`[39m
[32m[nodemon] restarting due to changes...[39m
[32m[nodemon] starting `node src/index.js`[39m
node:internal/modules/cjs/loader:1368
  throw err;
  ^

Error: Cannot find module 'qrcode'
Require stack:
- /Users/vics/iron-task-726/api/src/services/twoFactorService.js
- /Users/vics/iron-task-726/api/src/routes/auth.js
- /Users/vics/iron-task-726/api/src/index.js
    at Function._resolveFilename (node:internal/modules/cjs/loader:1365:15)
    at defaultResolveImpl (node:internal/modules/cjs/loader:1021:19)
    at resolveForCJSWithHooks (node:internal/modules/cjs/loader:1026:22)
    at Function._load (node:internal/modules/cjs/loader:1175:37)
    at TracingChannel.traceSync (node:diagnostics_channel:322:14)
    at wrapModuleLoad (node:internal/modules/cjs/loader:235:24)
    at Module.require (node:internal/modules/cjs/loader:1445:12)
    at require (node:internal/modules/helpers:135:16)
    at Object.<anonymous> (/Users/vics/iron-task-726/api/src/services/twoFactorService.js:3:16)
    at Module._compile (node:internal/modules/cjs/loader:1688:14) {
  code: 'MODULE_NOT_FOUND',
  requireStack: [
    '/Users/vics/iron-task-726/api/src/services/twoFactorService.js',
    '/Users/vics/iron-task-726/api/src/routes/auth.js',
    '/Users/vics/iron-task-726/api/src/index.js'
  ]
}

Node.js v22.18.0
[31m[nodemon] app crashed - waiting for file changes before starting...[39m
[32m[nodemon] restarting due to changes...[39m
[32m[nodemon] starting `node src/index.js`[39m
[32m[nodemon] restarting due to changes...[39m
[32m[nodemon] starting `node src/index.js`[39m
10:32:19 PM WARN  Push notifications not configured - missing VAPID keys
  {
  "environment": "development",
  "service": "fsw-api",
  "version": "1.0.0"
}
10:32:19 PM INFO  Database connected
  {
  "environment": "development",
  "service": "fsw-api",
  "version": "1.0.0"
}
Using Supabase Storage for media uploads
10:32:19 PM ERROR  Failed to start server
  {
  "error": "listen EADDRINUSE: address already in use 0.0.0.0:3001",
  "stack": "Error: listen EADDRINUSE: address already in use 0.0.0.0:3001\n    at Server.setupListenHandle [as _listen2] (node:net:1940:16)\n    at listenInCluster (node:net:1997:12)\n    at node:net:2206:7\n    at process.processTicksAndRejections (node:internal/process/task_queues:90:21)",
  "environment": "development",
  "service": "fsw-api",
  "version": "1.0.0"
}
[31m[nodemon] app crashed - waiting for file changes before starting...[39m
