
> fsw-iron-task-api@1.0.0 dev
> nodemon src/index.js

[33m[nodemon] 3.1.10[39m
[33m[nodemon] to restart at any time, enter `rs`[39m
[33m[nodemon] watching path(s): *.*[39m
[33m[nodemon] watching extensions: js,mjs,cjs,json[39m
[32m[nodemon] starting `node src/index.js`[39m
6:29:27 PM WARN  Push notifications not configured - missing VAPID keys
  {
  "environment": "development",
  "service": "fsw-api",
  "version": "1.0.0"
}
6:29:27 PM ERROR  Failed to start server
  {
  "error": "Can't reach database server at `db.fjoscpvmmcvbgnwxsysp.supabase.co:5432`\n\nPlease make sure your database server is running at `db.fjoscpvmmcvbgnwxsysp.supabase.co:5432`.",
  "stack": "PrismaClientInitializationError: Can't reach database server at `db.fjoscpvmmcvbgnwxsysp.supabase.co:5432`\n\nPlease make sure your database server is running at `db.fjoscpvmmcvbgnwxsysp.supabase.co:5432`.\n    at t (/home/ictorarcia/projects/fsw-iron-task/api/node_modules/@prisma/client/runtime/library.js:112:2488)\n    at async start (/home/ictorarcia/projects/fsw-iron-task/api/src/index.js:264:5)",
  "environment": "development",
  "service": "fsw-api",
  "version": "1.0.0"
}
[31m[nodemon] app crashed - waiting for file changes before starting...[39m
[32m[nodemon] restarting due to changes...[39m
[32m[nodemon] starting `node src/index.js`[39m
6:32:20 PM WARN  Push notifications not configured - missing VAPID keys
  {
  "environment": "development",
  "service": "fsw-api",
  "version": "1.0.0"
}
6:32:20 PM ERROR  Failed to start server
  {
  "error": "Can't reach database server at `db.fjoscpvmmcvbgnwxsysp.supabase.co:5432`\n\nPlease make sure your database server is running at `db.fjoscpvmmcvbgnwxsysp.supabase.co:5432`.",
  "stack": "PrismaClientInitializationError: Can't reach database server at `db.fjoscpvmmcvbgnwxsysp.supabase.co:5432`\n\nPlease make sure your database server is running at `db.fjoscpvmmcvbgnwxsysp.supabase.co:5432`.\n    at t (/home/ictorarcia/projects/fsw-iron-task/api/node_modules/@prisma/client/runtime/library.js:112:2488)\n    at async start (/home/ictorarcia/projects/fsw-iron-task/api/src/index.js:264:5)",
  "environment": "development",
  "service": "fsw-api",
  "version": "1.0.0"
}
[31m[nodemon] app crashed - waiting for file changes before starting...[39m
[32m[nodemon] restarting due to changes...[39m
[32m[nodemon] starting `node src/index.js`[39m
6:32:34 PM WARN  Push notifications not configured - missing VAPID keys
  {
  "environment": "development",
  "service": "fsw-api",
  "version": "1.0.0"
}
6:32:35 PM ERROR  Failed to start server
  {
  "error": "Can't reach database server at `db.fjoscpvmmcvbgnwxsysp.supabase.co:5432`\n\nPlease make sure your database server is running at `db.fjoscpvmmcvbgnwxsysp.supabase.co:5432`.",
  "stack": "PrismaClientInitializationError: Can't reach database server at `db.fjoscpvmmcvbgnwxsysp.supabase.co:5432`\n\nPlease make sure your database server is running at `db.fjoscpvmmcvbgnwxsysp.supabase.co:5432`.\n    at t (/home/ictorarcia/projects/fsw-iron-task/api/node_modules/@prisma/client/runtime/library.js:112:2488)\n    at async start (/home/ictorarcia/projects/fsw-iron-task/api/src/index.js:264:5)",
  "environment": "development",
  "service": "fsw-api",
  "version": "1.0.0"
}
[31m[nodemon] app crashed - waiting for file changes before starting...[39m
[32m[nodemon] restarting due to changes...[39m
[32m[nodemon] starting `node src/index.js`[39m
6:32:52 PM WARN  Push notifications not configured - missing VAPID keys
  {
  "environment": "development",
  "service": "fsw-api",
  "version": "1.0.0"
}
6:32:52 PM ERROR  Failed to start server
  {
  "error": "Can't reach database server at `db.fjoscpvmmcvbgnwxsysp.supabase.co:5432`\n\nPlease make sure your database server is running at `db.fjoscpvmmcvbgnwxsysp.supabase.co:5432`.",
  "stack": "PrismaClientInitializationError: Can't reach database server at `db.fjoscpvmmcvbgnwxsysp.supabase.co:5432`\n\nPlease make sure your database server is running at `db.fjoscpvmmcvbgnwxsysp.supabase.co:5432`.\n    at t (/home/ictorarcia/projects/fsw-iron-task/api/node_modules/@prisma/client/runtime/library.js:112:2488)\n    at async start (/home/ictorarcia/projects/fsw-iron-task/api/src/index.js:264:5)",
  "environment": "development",
  "service": "fsw-api",
  "version": "1.0.0"
}
[31m[nodemon] app crashed - waiting for file changes before starting...[39m
[32m[nodemon] restarting due to changes...[39m
[32m[nodemon] starting `node src/index.js`[39m
6:33:08 PM WARN  Push notifications not configured - missing VAPID keys
  {
  "environment": "development",
  "service": "fsw-api",
  "version": "1.0.0"
}
6:33:08 PM ERROR  Failed to start server
  {
  "error": "Can't reach database server at `db.fjoscpvmmcvbgnwxsysp.supabase.co:5432`\n\nPlease make sure your database server is running at `db.fjoscpvmmcvbgnwxsysp.supabase.co:5432`.",
  "stack": "PrismaClientInitializationError: Can't reach database server at `db.fjoscpvmmcvbgnwxsysp.supabase.co:5432`\n\nPlease make sure your database server is running at `db.fjoscpvmmcvbgnwxsysp.supabase.co:5432`.\n    at t (/home/ictorarcia/projects/fsw-iron-task/api/node_modules/@prisma/client/runtime/library.js:112:2488)\n    at async start (/home/ictorarcia/projects/fsw-iron-task/api/src/index.js:264:5)",
  "environment": "development",
  "service": "fsw-api",
  "version": "1.0.0"
}
[31m[nodemon] app crashed - waiting for file changes before starting...[39m
[32m[nodemon] restarting due to changes...[39m
[32m[nodemon] starting `node src/index.js`[39m
6:33:13 PM WARN  Push notifications not configured - missing VAPID keys
  {
  "environment": "development",
  "service": "fsw-api",
  "version": "1.0.0"
}
6:33:13 PM ERROR  Failed to start server
  {
  "error": "Can't reach database server at `db.fjoscpvmmcvbgnwxsysp.supabase.co:5432`\n\nPlease make sure your database server is running at `db.fjoscpvmmcvbgnwxsysp.supabase.co:5432`.",
  "stack": "PrismaClientInitializationError: Can't reach database server at `db.fjoscpvmmcvbgnwxsysp.supabase.co:5432`\n\nPlease make sure your database server is running at `db.fjoscpvmmcvbgnwxsysp.supabase.co:5432`.\n    at t (/home/ictorarcia/projects/fsw-iron-task/api/node_modules/@prisma/client/runtime/library.js:112:2488)\n    at async start (/home/ictorarcia/projects/fsw-iron-task/api/src/index.js:264:5)",
  "environment": "development",
  "service": "fsw-api",
  "version": "1.0.0"
}
[31m[nodemon] app crashed - waiting for file changes before starting...[39m
[32m[nodemon] restarting due to changes...[39m
[32m[nodemon] starting `node src/index.js`[39m
6:54:26 PM WARN  Push notifications not configured - missing VAPID keys
  {
  "environment": "development",
  "service": "fsw-api",
  "version": "1.0.0"
}
6:54:26 PM ERROR  Failed to start server
  {
  "error": "Can't reach database server at `db.fjoscpvmmcvbgnwxsysp.supabase.co:5432`\n\nPlease make sure your database server is running at `db.fjoscpvmmcvbgnwxsysp.supabase.co:5432`.",
  "stack": "PrismaClientInitializationError: Can't reach database server at `db.fjoscpvmmcvbgnwxsysp.supabase.co:5432`\n\nPlease make sure your database server is running at `db.fjoscpvmmcvbgnwxsysp.supabase.co:5432`.\n    at t (/home/ictorarcia/projects/fsw-iron-task/api/node_modules/@prisma/client/runtime/library.js:112:2488)\n    at async start (/home/ictorarcia/projects/fsw-iron-task/api/src/index.js:264:5)",
  "environment": "development",
  "service": "fsw-api",
  "version": "1.0.0"
}
[31m[nodemon] app crashed - waiting for file changes before starting...[39m
[32m[nodemon] restarting due to changes...[39m
[32m[nodemon] starting `node src/index.js`[39m
7:03:18 PM WARN  Push notifications not configured - missing VAPID keys
  {
  "environment": "development",
  "service": "fsw-api",
  "version": "1.0.0"
}
7:03:18 PM ERROR  Failed to start server
  {
  "error": "Can't reach database server at `db.fjoscpvmmcvbgnwxsysp.supabase.co:5432`\n\nPlease make sure your database server is running at `db.fjoscpvmmcvbgnwxsysp.supabase.co:5432`.",
  "stack": "PrismaClientInitializationError: Can't reach database server at `db.fjoscpvmmcvbgnwxsysp.supabase.co:5432`\n\nPlease make sure your database server is running at `db.fjoscpvmmcvbgnwxsysp.supabase.co:5432`.\n    at t (/home/ictorarcia/projects/fsw-iron-task/api/node_modules/@prisma/client/runtime/library.js:112:2488)\n    at async start (/home/ictorarcia/projects/fsw-iron-task/api/src/index.js:264:5)",
  "environment": "development",
  "service": "fsw-api",
  "version": "1.0.0"
}
[31m[nodemon] app crashed - waiting for file changes before starting...[39m
[32m[nodemon] restarting due to changes...[39m
[32m[nodemon] starting `node src/index.js`[39m
9:11:39 AM WARN  Push notifications not configured - missing VAPID keys
  {
  "environment": "development",
  "service": "fsw-api",
  "version": "1.0.0"
}
9:11:39 AM ERROR  Failed to start server
  {
  "error": "Can't reach database server at `db.fjoscpvmmcvbgnwxsysp.supabase.co:5432`\n\nPlease make sure your database server is running at `db.fjoscpvmmcvbgnwxsysp.supabase.co:5432`.",
  "stack": "PrismaClientInitializationError: Can't reach database server at `db.fjoscpvmmcvbgnwxsysp.supabase.co:5432`\n\nPlease make sure your database server is running at `db.fjoscpvmmcvbgnwxsysp.supabase.co:5432`.\n    at t (/home/ictorarcia/projects/fsw-iron-task/api/node_modules/@prisma/client/runtime/library.js:112:2488)\n    at async start (/home/ictorarcia/projects/fsw-iron-task/api/src/index.js:264:5)",
  "environment": "development",
  "service": "fsw-api",
  "version": "1.0.0"
}
[31m[nodemon] app crashed - waiting for file changes before starting...[39m
[32m[nodemon] restarting due to changes...[39m
[32m[nodemon] starting `node src/index.js`[39m
(node:11054) MaxListenersExceededWarning: Possible EventEmitter memory leak detected. 11 exit listeners added to [Bus]. MaxListeners is 10. Use emitter.setMaxListeners() to increase limit
(Use `node --trace-warnings ...` to show where the warning was created)
9:36:23 AM WARN  Push notifications not configured - missing VAPID keys
  {
  "environment": "development",
  "service": "fsw-api",
  "version": "1.0.0"
}
9:36:23 AM ERROR  Failed to start server
  {
  "error": "Can't reach database server at `db.fjoscpvmmcvbgnwxsysp.supabase.co:5432`\n\nPlease make sure your database server is running at `db.fjoscpvmmcvbgnwxsysp.supabase.co:5432`.",
  "stack": "PrismaClientInitializationError: Can't reach database server at `db.fjoscpvmmcvbgnwxsysp.supabase.co:5432`\n\nPlease make sure your database server is running at `db.fjoscpvmmcvbgnwxsysp.supabase.co:5432`.\n    at t (/home/ictorarcia/projects/fsw-iron-task/api/node_modules/@prisma/client/runtime/library.js:112:2488)\n    at async start (/home/ictorarcia/projects/fsw-iron-task/api/src/index.js:264:5)",
  "environment": "development",
  "service": "fsw-api",
  "version": "1.0.0"
}
[31m[nodemon] app crashed - waiting for file changes before starting...[39m
[32m[nodemon] restarting due to changes...[39m
[32m[nodemon] starting `node src/index.js`[39m
9:36:39 AM WARN  Push notifications not configured - missing VAPID keys
  {
  "environment": "development",
  "service": "fsw-api",
  "version": "1.0.0"
}
9:36:39 AM ERROR  Failed to start server
  {
  "error": "Can't reach database server at `db.fjoscpvmmcvbgnwxsysp.supabase.co:5432`\n\nPlease make sure your database server is running at `db.fjoscpvmmcvbgnwxsysp.supabase.co:5432`.",
  "stack": "PrismaClientInitializationError: Can't reach database server at `db.fjoscpvmmcvbgnwxsysp.supabase.co:5432`\n\nPlease make sure your database server is running at `db.fjoscpvmmcvbgnwxsysp.supabase.co:5432`.\n    at t (/home/ictorarcia/projects/fsw-iron-task/api/node_modules/@prisma/client/runtime/library.js:112:2488)\n    at async start (/home/ictorarcia/projects/fsw-iron-task/api/src/index.js:264:5)",
  "environment": "development",
  "service": "fsw-api",
  "version": "1.0.0"
}
[31m[nodemon] app crashed - waiting for file changes before starting...[39m
[32m[nodemon] restarting due to changes...[39m
[32m[nodemon] starting `node src/index.js`[39m
9:55:45 AM WARN  Push notifications not configured - missing VAPID keys
  {
  "environment": "development",
  "service": "fsw-api",
  "version": "1.0.0"
}
9:55:45 AM ERROR  Failed to start server
  {
  "error": "Can't reach database server at `db.fjoscpvmmcvbgnwxsysp.supabase.co:5432`\n\nPlease make sure your database server is running at `db.fjoscpvmmcvbgnwxsysp.supabase.co:5432`.",
  "stack": "PrismaClientInitializationError: Can't reach database server at `db.fjoscpvmmcvbgnwxsysp.supabase.co:5432`\n\nPlease make sure your database server is running at `db.fjoscpvmmcvbgnwxsysp.supabase.co:5432`.\n    at t (/home/ictorarcia/projects/fsw-iron-task/api/node_modules/@prisma/client/runtime/library.js:112:2488)\n    at async start (/home/ictorarcia/projects/fsw-iron-task/api/src/index.js:264:5)",
  "environment": "development",
  "service": "fsw-api",
  "version": "1.0.0"
}
[31m[nodemon] app crashed - waiting for file changes before starting...[39m
[32m[nodemon] restarting due to changes...[39m
[32m[nodemon] starting `node src/index.js`[39m
10:00:30 AM WARN  Push notifications not configured - missing VAPID keys
  {
  "environment": "development",
  "service": "fsw-api",
  "version": "1.0.0"
}
10:00:30 AM ERROR  Failed to start server
  {
  "error": "Can't reach database server at `db.fjoscpvmmcvbgnwxsysp.supabase.co:5432`\n\nPlease make sure your database server is running at `db.fjoscpvmmcvbgnwxsysp.supabase.co:5432`.",
  "stack": "PrismaClientInitializationError: Can't reach database server at `db.fjoscpvmmcvbgnwxsysp.supabase.co:5432`\n\nPlease make sure your database server is running at `db.fjoscpvmmcvbgnwxsysp.supabase.co:5432`.\n    at t (/home/ictorarcia/projects/fsw-iron-task/api/node_modules/@prisma/client/runtime/library.js:112:2488)\n    at async start (/home/ictorarcia/projects/fsw-iron-task/api/src/index.js:264:5)",
  "environment": "development",
  "service": "fsw-api",
  "version": "1.0.0"
}
[31m[nodemon] app crashed - waiting for file changes before starting...[39m
