
> fsw-iron-task-web@0.1.0 dev
> next dev

  ▲ Next.js 14.2.30
  - Local:        http://localhost:3000
  - Environments: .env.local

 ✓ Starting...
 ✓ Ready in 1094ms
 ○ Compiling /register ...
 ✓ Compiled /register in 3.1s (847 modules)
 GET /register 200 in 3318ms
 ✓ Compiled in 289ms (384 modules)
 ✓ Compiled / in 316ms (831 modules)
 GET / 200 in 399ms
 ✓ Compiled /demo in 208ms (853 modules)
 GET /demo 200 in 249ms
 ✓ Compiled /login in 279ms (861 modules)
 GET /login 200 in 338ms
 GET /register 200 in 35ms
 GET / 200 in 33ms
 ✓ Compiled in 571ms (863 modules)
 ✓ Compiled in 439ms (863 modules)
 ✓ Compiled in 424ms (863 modules)
 ✓ Compiled in 432ms (867 modules)
 ✓ Compiled in 301ms (867 modules)
 ✓ Compiled in 3.9s (867 modules)
 ✓ Compiled in 471ms (867 modules)
 ✓ Compiled in 310ms (867 modules)
 ✓ Compiled in 276ms (867 modules)
 ✓ Compiled in 289ms (867 modules)
 ✓ Compiled in 251ms (867 modules)
 ⨯ ./app/login/page.tsx
Error: 
  [31mx[0m Expression expected
     ,-[[36;1;4m/home/ictorarcia/iron-task-726/web/app/login/page.tsx[0m:122:1]
 [2m122[0m |   }
 [2m123[0m | 
 [2m124[0m |   return (
 [2m125[0m |     <>
     : [31;1m     ^[0m
 [2m126[0m |       <style jsx global>{`
 [2m127[0m |         .sr-only {
 [2m128[0m |           position: absolute;
     `----

  [31mx[0m Expected ',', got 'className'
     ,-[[36;1;4m/home/ictorarcia/iron-task-726/web/app/login/page.tsx[0m:136:1]
 [2m136[0m |           border: 0;
 [2m137[0m |         }
 [2m138[0m |       `}</style>
 [2m139[0m |       <div className="min-h-screen flex" style={{ backgroundColor: '#0a0a0a' }}>
     : [31;1m           ^^^^^^^^^[0m
 [2m140[0m |       {/* Left side - Branding */}
 [2m141[0m |       <div className="hidden lg:flex lg:w-1/2 relative overflow-hidden diamond-plate">
 [2m142[0m |         <div className="absolute inset-0 bg-gradient-to-br from-black/80 via-black/60 to-transparent" />
     `----

Caused by:
    Syntax Error

Import trace for requested module:
./app/login/page.tsx
 ○ Compiling /_error ...
 ✓ Compiled /_error in 1552ms (1099 modules)
 GET /login 200 in 355ms
 GET /register 200 in 375ms
<w> [webpack.cache.PackFileCacheStrategy] Caching failed for pack: Error: ENOENT: no such file or directory, rename '/home/ictorarcia/iron-task-726/web/.next/cache/webpack/client-development-fallback/0.pack.gz_' -> '/home/ictorarcia/iron-task-726/web/.next/cache/webpack/client-development-fallback/0.pack.gz'
 ✓ Compiled in 278ms (595 modules)
 ✓ Compiled in 486ms (1091 modules)
 ✓ Compiled in 228ms (1091 modules)
 GET / 200 in 149ms
 ⚠ Cross origin request detected from 172.18.129.73 to /_next/* resource. In a future major version of Next.js, you will need to explicitly configure "allowedDevOrigins" in next.config to allow this.
Read more: https://nextjs.org/docs/app/api-reference/config/next-config-js/allowedDevOrigins
 ○ Compiling /_not-found ...
 ✓ Compiled /_not-found in 529ms (1092 modules)
 GET /register 404 in 57ms
 GET /_next/static/css/app/layout.css?v=1753829590816 404 in 37ms
 GET /_next/static/chunks/app-pages-internals.js 404 in 33ms
 GET /_next/static/chunks/main-app.js?v=1753829590816 404 in 34ms
 GET /_next/static/chunks/app/layout.js 404 in 34ms
 GET /login 404 in 24ms
 GET /_next/static/css/app/layout.css?v=1753829597716 404 in 34ms
 GET /_next/static/chunks/app-pages-internals.js 404 in 32ms
 GET /_next/static/chunks/main-app.js?v=1753829597716 404 in 35ms
 GET /_next/static/chunks/app/layout.js 404 in 32ms
   Reload env: .env.local
 ✓ Compiled in 356ms (1089 modules)
   Reload env: .env.local
 ✓ Compiled in 158ms (1089 modules)
Killed
   Reload env: .env.local
 ✓ Compiled in 532ms (1089 modules)
   Reload env: .env.local
 ✓ Compiled in 208ms (1089 modules)
 HEAD / 200 in 147ms
 GET / 200 in 67ms
 GET / 200 in 55ms
 ✓ Compiled /_not-found in 305ms (1092 modules)
 ⚠ Fast Refresh had to perform a full reload. Read more: https://nextjs.org/docs/messages/fast-refresh-reload
 GET /_next/static/webpack/9d7b116f06891361.webpack.hot-update.json 404 in 249ms
 GET /dashborad 404 in 389ms
   Reload env: .env.local
 ✓ Compiled in 412ms (1089 modules)
 ✓ Compiled /_not-found in 166ms (1092 modules)
 GET /dashborad 404 in 65ms
 ✓ Compiled in 755ms (1092 modules)
<w> [webpack.cache.PackFileCacheStrategy] Caching failed for pack: Error: ENOENT: no such file or directory, rename '/home/ictorarcia/iron-task-726/web/.next/cache/webpack/client-development/1.pack.gz_' -> '/home/ictorarcia/iron-task-726/web/.next/cache/webpack/client-development/1.pack.gz'
   Reload env: .env.local
 ✓ Compiled in 267ms (1089 modules)
 ✓ Compiled /_not-found in 233ms (1092 modules)
 GET /dashborad 404 in 62ms
 ✓ Compiled in 332ms (1092 modules)
<w> [webpack.cache.PackFileCacheStrategy] Caching failed for pack: Error: ENOENT: no such file or directory, rename '/home/ictorarcia/iron-task-726/web/.next/cache/webpack/server-development/0.pack.gz_' -> '/home/ictorarcia/iron-task-726/web/.next/cache/webpack/server-development/0.pack.gz'
<w> [webpack.cache.PackFileCacheStrategy] Restoring pack failed from /home/ictorarcia/iron-task-726/web/.next/cache/webpack/client-development-fallback.pack.gz: Error: invalid block type
<w> [webpack.cache.PackFileCacheStrategy] Restoring pack failed from /home/ictorarcia/iron-task-726/web/.next/cache/webpack/client-development-fallback.pack.gz: Error: invalid block type
 ⨯ ./node_modules/next/dist/lib/require-instrumentation-client.js:11:1
Module not found: Can't resolve 'private-next-instrumentation-client'

https://nextjs.org/docs/messages/module-not-found

Import trace for requested module:
./node_modules/next/dist/client/page-bootstrap.js
./node_modules/next/dist/client/next-dev.js
 ⨯ ./node_modules/next/dist/lib/require-instrumentation-client.js:11:1
Module not found: Can't resolve 'private-next-instrumentation-client'

https://nextjs.org/docs/messages/module-not-found

Import trace for requested module:
./node_modules/next/dist/client/page-bootstrap.js
./node_modules/next/dist/client/next-dev.js
<w> [webpack.cache.PackFileCacheStrategy] Caching failed for pack: Error: ENOENT: no such file or directory, lstat '/home/ictorarcia/iron-task-726/web/node_modules/next/dist/server/future'
<w> [webpack.cache.PackFileCacheStrategy/webpack.FileSystemInfo] Resolving 'next/dist/server/future/helpers/interception-routes' in /home/ictorarcia/iron-task-726/web/node_modules/next/dist/build for build dependencies doesn't lead to expected result '/home/ictorarcia/iron-task-726/web/node_modules/next/dist/server/future/helpers/interception-routes.js', but to 'Error: Can't resolve 'next/dist/server/future/helpers/interception-routes' in '/home/ictorarcia/iron-task-726/web/node_modules/next/dist/build'' instead. Resolving dependencies are ignored for this path.
<w>  at unknown 4 next/dist/server/future/helpers/interception-routes
<w>  at file dependencies /home/ictorarcia/iron-task-726/web/node_modules/next/dist/build/utils.js
<w>  at file /home/ictorarcia/iron-task-726/web/node_modules/next/dist/build/utils.js
<w>  at file dependencies /home/ictorarcia/iron-task-726/web/node_modules/next/dist/build/webpack/loaders/next-app-loader/index.js
<w>  at file /home/ictorarcia/iron-task-726/web/node_modules/next/dist/build/webpack/loaders/next-app-loader/index.js
<w>  at resolve commonjs /home/ictorarcia/iron-task-726/web/node_modules/next/dist/build/webpack/loaders/next-app-loader/index.js
 ⚠ Found a change in next.config.js. Restarting the server to apply the changes...
